[0.000000] (-) TimerEvent: {}
[0.000119] (py_pubsub) JobQueued: {'identifier': 'py_pubsub', 'dependencies': OrderedDict()}
[0.000151] (turtlebot_sensor) JobQueued: {'identifier': 'turtlebot_sensor', 'dependencies': OrderedDict()}
[0.000174] (py_pubsub) JobStarted: {'identifier': 'py_pubsub'}
[0.015328] (turtlebot_sensor) JobStarted: {'identifier': 'turtlebot_sensor'}
[0.097777] (-) TimerEvent: {}
[0.198029] (-) TimerEvent: {}
[0.298437] (-) TimerEvent: {}
[0.398791] (-) TimerEvent: {}
[0.499098] (-) TimerEvent: {}
[0.549161] (turtlebot_sensor) StderrLine: {'line': b'Traceback (most recent call last):\n  File "/usr/lib/python3/dist-packages/colcon_parallel_executor/executor/parallel.py", line 75, in execute\n    loop.run_until_complete(future)\n  File "/usr/lib/python3.10/asyncio/base_events.py", line 636, in run_until_complete\n    self.run_forever()\n  File "/usr/lib/python3.10/asyncio/base_events.py", line 603, in run_forever\n    self._run_once()\n  File "/usr/lib/python3.10/asyncio/base_events.py", line 1892, in _run_once\n    ntodo = len(self._ready)\nKeyboardInterrupt\n\nDuring handling of the above exception, another exception occurred:\n\nTraceback (most recent call last):\n  File "/usr/lib/python3/dist-packages/colcon_core/executor/__init__.py", line 91, in __call__\n    rc = await self.task(*args, **kwargs)\n  File "/usr/lib/python3/dist-packages/colcon_core/task/__init__.py", line 93, in __call__\n    return await task_method(*args, **kwargs)\n  File "/usr/lib/python3/dist-packages/colcon_ros/task/ament_python/build.py", line 102, in build\n    return await extension.build(additional_hooks=additional_hooks)\n  File "/usr/lib/python3/dist-packages/colcon_core/task/python/build.py", line 96, in build\n    available_commands = await self._get_available_commands(\n  File "/usr/lib/python3/dist-packages/colcon_core/task/python/build.py", line 194, in _get_available_commands\n    output = await check_output(\n  File "/usr/lib/python3/dist-packages/colcon_core/subprocess.py", line 129, in check_output\n    assert not rc, f\'Expected {args} to pass: {stderr_data}\'\nAssertionError: Expected [\'/usr/bin/python3\', \'-W\', \'ignore:setup.py install is deprecated\', \'-W\', \'ignore:easy_install command is deprecated\', \'setup.py\', \'--help-commands\'] to pass: Traceback (most recent call last):\n  File "/afs/ec.auckland.ac.nz/users/j/z/jzen379/unixhome/ros2_ws/src/turtlebot_sensor/setup.py", line 8, in <module>\n    setup(\n  File "/usr/lib/python3/dist-packages/setuptools/__init__.py", line 153, in setup\n    return distutils.core.setup(**attrs)\n  File "/usr/lib/python3.10/distutils/core.py", line 134, in setup\n    ok = dist.parse_command_line()\n  File "/usr/lib/python3.10/distutils/dist.py", line 480, in parse_command_line\n    if self.handle_display_options(option_order):\n  File "/usr/lib/python3/dist-packages/setuptools/dist.py", line 1126, in handle_display_options\n    return _Distribution.handle_display_options(self, option_order)\n  File "/usr/lib/python3.10/distutils/dist.py", line 683, in handle_display_options\n    self.print_commands()\n  File "/usr/lib/python3/dist-packages/setuptools/dist.py", line 904, in print_commands\n    return _Distribution.print_commands(self)\n  File "/usr/lib/python3.10/distutils/dist.py", line 752, in print_commands\n    self.print_command_list(std_commands,\n  File "/usr/lib/python3.10/distutils/dist.py", line 720, in print_command_list\n    klass = self.get_command_class(cmd)\n  File "/usr/lib/python3/dist-packages/setuptools/dist.py", line 896, in get_command_class\n    return _Distribution.get_command_class(self, command)\n  File "/usr/lib/python3.10/distutils/dist.py", line 828, in get_command_class\n    __import__(module_name)\n  File "/usr/lib/python3.10/distutils/command/check.py", line 11, in <module>\n    from docutils.parsers.rst import Parser\n  File "/usr/lib/python3/dist-packages/docutils/parsers/rst/__init__.py", line 75, in <module>\n    from docutils.parsers.rst import roles, states\n  File "/usr/lib/python3/dist-packages/docutils/parsers/rst/roles.py", line 78, in <module>\n    from docutils.utils.code_analyzer import Lexer, LexerError\n  File "/usr/lib/python3/dist-packages/docutils/utils/code_analyzer.py", line 13, in <module>\n    from pygments.lexers import get_lexer_by_name\n  File "/usr/local/lib/python3.10/dist-packages/pygments/lexers/__init__.py", line 19, in <module>\n    from pygments.plugin import find_plugin_lexers\n  File "/usr/local/lib/python3.10/dist-packages/pygments/plugin.py", line 35, in <module>\n    from importlib.metadata import entry_points\n  File "/usr/lib/python3.10/importlib/metadata/__init__.py", line 17, in <module>\n    from . import _adapters, _meta\n  File "/usr/lib/python3.10/importlib/metadata/_adapters.py", line 8, in <module>\n    class Message(email.message.Message):\n  File "/usr/lib/python3.10/importlib/metadata/_adapters.py", line 9, in Message\n    multiple_use_keys = set(\n  File "/usr/lib/python3.10/importlib/metadata/_text.py", line 80, in __hash__\n    return hash(self.lower())\nKeyboardInterrupt\n\n'}
[0.565894] (turtlebot_sensor) JobEnded: {'identifier': 'turtlebot_sensor', 'rc': 'SIGINT'}
[0.583651] (py_pubsub) JobEnded: {'identifier': 'py_pubsub', 'rc': 'SIGINT'}
[0.589664] (-) EventReactorShutdown: {}
